2018-10-31 05:16:41========================================
array (
)
2018-10-31 05:16:41========================================
array (
  1234 => '',
)
2018-10-31 05:16:41========================================
array (
  'UNIQUE_ID' => 'W9kQiQVlnKwAAC9ES3oAAAAE',
  'GEOIP_ADDR' => '178.46.64.212',
  'GEOIP_CONTINENT_CODE' => 'EU',
  'GEOIP_COUNTRY_CODE' => 'RU',
  'GEOIP_COUNTRY_NAME' => 'Russian Federation',
  'GEOIP_REGION' => '71',
  'GEOIP_REGION_NAME' => 'Sverdlovsk',
  'GEOIP_CITY' => 'Yekaterinburg',
  'GEOIP_DMA_CODE' => '0',
  'GEOIP_METRO_CODE' => '0',
  'GEOIP_AREA_CODE' => '0',
  'GEOIP_LATITUDE' => '56.851898',
  'GEOIP_LONGITUDE' => '60.612202',
  'GEOIP_POSTAL_CODE' => '620062',
  'HTTPS' => 'on',
  'HTTP_IF_MODIFIED_SINCE' => '',
  'HTTP_IF_NONE_MATCH' => '',
  'HTTP_HOST' => 'www.skd-dom.ru',
  'HTTP_X_SERVER_ADDR' => '87.236.16.2',
  'HTTP_X_FORWARDED_PROTO' => 'https',
  'HTTP_X_REAL_IP' => '178.46.64.212',
  'HTTP_USER_AGENT' => 'Wget/1.19.1 (cygwin)',
  'HTTP_ACCEPT' => '*/*',
  'HTTP_ACCEPT_ENCODING' => 'identity',
  'PATH' => '/usr/local/sbin:/usr/local/bin:/usr/sbin:/usr/bin:/sbin:/bin',
  'SERVER_SIGNATURE' => '<address>Apache/2.4.10 (Unix) Server at www.skd-dom.ru Port 80</address>
',
  'SERVER_SOFTWARE' => 'Apache/2.4.10 (Unix)',
  'SERVER_NAME' => 'www.skd-dom.ru',
  'SERVER_ADDR' => '87.236.16.2',
  'SERVER_PORT' => '443',
  'REQUEST_SCHEME' => 'https',
  'REMOTE_ADDR' => '178.46.64.212',
  'DOCUMENT_ROOT' => '/home/s/skddom/new.skd-dom.ru/public_html',
  'CONTEXT_PREFIX' => '',
  'CONTEXT_DOCUMENT_ROOT' => '/home/s/skddom/new.skd-dom.ru/public_html',
  'SERVER_ADMIN' => 'webmaster@skd-dom.ru',
  'SCRIPT_FILENAME' => '/home/s/skddom/new.skd-dom.ru/public_html/netcat/modules/alice/index.php',
  'REMOTE_PORT' => '18382',
  'GATEWAY_INTERFACE' => 'CGI/1.1',
  'SERVER_PROTOCOL' => 'HTTP/1.1',
  'REQUEST_METHOD' => 'GET',
  'QUERY_STRING' => '1234',
  'REQUEST_URI' => '/netcat/modules/alice/index.php?1234',
  'SCRIPT_NAME' => '/netcat/modules/alice/index.php',
  'PHP_SELF' => '/netcat/modules/alice/index.php',
  'REQUEST_TIME' => 1540952201,
  'argv' => 
  array (
    0 => '1234',
  ),
  'argc' => 1,
)
2018-10-31 05:16:41========================================
array (
  'ip' => '178.46.64.212',
  'version' => '1.19',
)
